<?xml version="1.0" encoding="UTF-8"?>
<testsuite name="service.UserServiceTest" tests="2" skipped="0" failures="0" errors="0" timestamp="2025-12-11T05:55:18" hostname="cherry" time="1.846">
  <properties/>
  <testcase name="register_Success_ReturnsAuthResponse()" classname="service.UserServiceTest" time="1.825"/>
  <testcase name="register_EmailAlreadyExists_ThrowsException()" classname="service.UserServiceTest" time="0.013"/>
  <system-out><![CDATA[]]></system-out>
  <system-err><![CDATA[]]></system-err>
</testsuite>
