<?xml version="1.0" encoding="UTF-8"?>
<testsuite name="service.OrderServiceTest" tests="4" skipped="0" failures="0" errors="0" timestamp="2025-12-11T05:55:19" hostname="cherry" time="1.781">
  <properties/>
  <testcase name="cancelOrder_PendingOrder_CancelsSuccessfully()" classname="service.OrderServiceTest" time="1.735"/>
  <testcase name="cancelOrder_ConfirmedOrder_ThrowsException()" classname="service.OrderServiceTest" time="0.012"/>
  <testcase name="cancelOrder_NotOwner_ThrowsException()" classname="service.OrderServiceTest" time="0.01"/>
  <testcase name="getOrderById_OrderExists_ReturnsOrderDto()" classname="service.OrderServiceTest" time="0.009"/>
  <system-out><![CDATA[]]></system-out>
  <system-err><![CDATA[]]></system-err>
</testsuite>
